o aqto aqto aqto aqto aqto aqto aqto aqto aqto aqto aqto aqto aqto aqto aqto aqto aqto aqto aqto aqto aqto aqto aqto aqto aqto aqto aqto aqto aqto aqto aqto aqto aqto aqto aqto aqto aqto aqto

 << Logging of terminal I/O resumes >> 



 << Logging of terminal I/O resumes >> 

to aq1
to aq1
to aq1
to aq1
to aq1
to aq1
to aq1
to aq1
to aq1
to aq1
to aq1
to aq1
to aq1
to aq1
to aq1

 << Logging of terminal I/O resumes >> 



 << Logging of terminal I/O resumes >> 

to aq1
to aq1
to aq1
to aq1
to aq1
to aq1
to aq1
to aq1
to aq1
to aq1
to aq1
to aq1
to aq1
to aq1
to aq1
to aq1
to aq1
to aq1
to aq1
to aq1
to aq1

 << Logging of terminal I/O resumes >> 



 << Logging of terminal I/O resumes >> 

to aq1
to aq1
to aq1
to aq1
to aq1
to aq1
to aq1
to aq1
to aq1


 << Logging of terminal I/O resumes >> 



 << Logging of terminal I/O resumes >> 



 << Logging of terminal I/O resumes >> 



 << Logging of terminal I/O resumes >> 



 << Logging of terminal I/O resumes >> 



 << Logging of terminal I/O resumes >> 



 << Logging of terminal I/O resumes >> 



 << Logging of terminal I/O resumes >> 



 << Logging of terminal I/O resumes >> 

to aq1
to aq1
to aq1
to aq1
to aq1
to aq1
to aq1
to aq1
to aq1
to aq1
to aq1
to aq1
to aq1
to aq1
to aq1
to aq1
to aq1
to aq1
to aq1
to aq1
to aq

 << Logging of terminal I/O resumes >> 



 << Logging of terminal I/O resumes >> 

to aq1
to aq1
to aq1
to aq1
to aq1
to aq1
to aq1
to aq1
to aq1
to aq1
to aq1
to aq1
to aq1
to aq1


 << Logging of terminal I/O resumes >> 



 << Logging of terminal I/O resumes >> 



 << Logging of terminal I/O resumes >> 

0

 << Logging of terminal I/O resumes >> 



 << Logging of terminal I/O resumes >> 

64

 << Logging of terminal I/O resumes >> 



 << Logging of terminal I/O resumes >> 



 << Logging of terminal I/O resumes >> 



 << Logging of terminal I/O resumes >> 



 << Logging of terminal I/O resumes >> 



 << Logging of terminal I/O resumes >> 

64to aq1
to aq1
to aq1
to aq1
to aq1
to aq1
to aq1
to aq1
to aq1
to aq1
to aq1
to aq1
to aq1
to aq1
to aq1
to aq1
to aq1
to aq1
to aq1
to aq1
to aq1
to aq1
to aq1
to aq1

 << Logging of terminal I/O resumes >> 



 << Logging of terminal I/O resumes >> 

gpio m 6 64
gpio Q 0 1
gpio Q 1 2


 << Logging of terminal I/O resumes >> 



 << Logging of terminal I/O resumes >> 

gpio m 6 64
gpio Q 0 1
gpio Q 1 2
to aq1
to aq1
to aq1
to aq1
to aq1
to aq1
to aq1
to aq1
to aq1
to aq1
to aq1
to aq1
to aq1
to aq1
to aq1
to aq1
to aq1
to aq1
to aq1
to aq1
to aq

 << Logging of terminal I/O resumes >> 



 << Logging of terminal I/O resumes >> 

gpio m 6 64
gpio Q 0 1
gpio Q 1 2
to aq1
to aq1
to aq1
to aq1
to aq

 << Logging of terminal I/O resumes >> 



 << Logging of terminal I/O resumes >> 

gpio m 6 64
gpio Q 0 1
gpio Q 1 2
to aq1
to aq1
to aq1
to aq1
to aq1
to aq1
to aq1
to aq1
to aq1
to aq1
to aq1
to aq1
to aq1
to aq1
to aq1
to aq1
to aq1
to aq1
to aq1
to aq1
to aq1
to aq1
to aq1
to aq1
to aq1
to aq1
to aq1
to aq1
to aq1
to aq1
to aq1
to aq1
to aq1
to aq1
to aq1
to aq1
to aq1
to aq1
to aq1
to aq1
to aq1
to aq1
to aq1
to aq1
to aq1
to aq1
to aq1
to aq1
to aq1
to aq1
to aq1
to aq1
to aq1
to aq1
to aq1
to aq1
to aq1
to aq1
to aq1
to aq1
to aq1
to aq1
to aq1
to aq1
to aq1
to aq1
to aq1
to aq1
to aq1
to aq1
to aq1
to aq1
to aq1
to aq1
to aq1
to

 << Logging of terminal I/O resumes >> 



 << Logging of terminal I/O resumes >> 

gpio m 6 64
gpio Q 0 1
gpio Q 1 2
to aq1
to aq1
to aq1
to aq1
to aq1
to aq1
to aq1
to aq1
to aq1
to aq1
to aq1
to aq

 << Logging of terminal I/O resumes >> 



 << Logging of terminal I/O resumes >> 

gpio m 6 64
gpio Q 0 0
gpio Q 1 0
to aq1
to aq1
to aq1
to aq1
to aq1
to aq1
t

 << Logging of terminal I/O resumes >> 



 << Logging of terminal I/O resumes >> 

gpio m 6 64
gpio Q 0 0
gpio Q 1 0
to aq1
to aq1
to aq1
to aq1
to aq1
to aq1
to aq1
to aq1
to aq1
to aq1
to aq1
to aq1
to aq1
to 

 << Logging of terminal I/O resumes >> 



 << Logging of terminal I/O resumes >> 

gpio m 6 64
gpio Q 0 1
gpio Q 1 2
to aq1
to aq1
to aq1
to aq1
to aq1
to aq1
to aq1
to aq1
to aq1
to aq1
to aq1
to aq1
to aq1
to aq1
to aq1
to aq1
to a

 << Logging of terminal I/O resumes >> 



 << Logging of terminal I/O resumes >> 

gpio m 6 64
gpio Q 0 1
gpio Q 1 2
to aq1
to aq1
to aq1
to aq1
to aq1
to aq1
to aq1
to aq1
to aq1
to aq1
to aq1
to aq1
to aq1
to aq1
to aq1
to aq1
to aq1
to 

 << Logging of terminal I/O resumes >> 



 << Logging of terminal I/O resumes >> 

gpio m 6 64
gpio Q 0 1
gpio Q 1 2
to aq1
to aq1
to aq1
to aq1
to aq1
to aq1
to aq1
to aq1
to aq1
to aq1
to aq1
to aq1
to aq1
to aq1
to aq1
to

 << Logging of terminal I/O resumes >> 



 << Logging of terminal I/O resumes >> 

gpio m 6 64
gpio Q 0 1
gpio Q 1 64
to aq1
to aq1
to aq1
to aq1
to aq1
to aq1
to aq1
to aq1
to aq1
to aq1
to aq1
to aq1
to aq1
to aq1
to aq1
to aq1
to aq1
to aq1
to aq1
to aq1
to aq1
to aq1
to aq1

 << Logging of terminal I/O resumes >> 



 << Logging of terminal I/O resumes >> 

gpio m 6 64
gpio Q 0 1
gpio Q 1 64


 << Logging of terminal I/O resumes >> 



 << Logging of terminal I/O resumes >> 

gpio m 6 64
gpio Q 0 1
gpio Q 1 64


 << Logging of terminal I/O resumes >> 



 << Logging of terminal I/O resumes >> 

gpio m 6 64
gpio Q 0 1
gpio Q 1 64


 << Logging of terminal I/O resumes >> 



 << Logging of terminal I/O resumes >> 

gpio m 6 64
gpio Q 0 1
gpio Q 1 64


 << Logging of terminal I/O resumes >> 



 << Logging of terminal I/O resumes >> 



 << Logging of terminal I/O resumes >> 



 << Logging of terminal I/O resumes >> 



 << Logging of terminal I/O resumes >> 



 << Logging of terminal I/O resumes >> 

gpio m 6 64
gpio Q 0 1
gpio Q 1 64


 << Logging of terminal I/O resumes >> 



 << Logging of terminal I/O resumes >> 

gpio m 6 64
gpio Q 0 1
gpio Q 1 64


 << Logging of terminal I/O resumes >> 



 << Logging of terminal I/O resumes >> 

gpio m 6 64
gpio Q 0 1
gpio Q 1 64


 << Logging of terminal I/O resumes >> 



 << Logging of terminal I/O resumes >> 

gpio m 6 64
gpio Q 0 1
gpio Q 1 64


 << Logging of terminal I/O resumes >> 



 << Logging of terminal I/O resumes >> 



 << Logging of terminal I/O resumes >> 



 << Logging of terminal I/O resumes >> 



 << Logging of terminal I/O resumes >> 



 << Logging of terminal I/O resumes >> 



 << Logging of terminal I/O resumes >> 



 << Logging of terminal I/O resumes >> 



 << Logging of terminal I/O resumes >> 



 << Logging of terminal I/O resumes >> 



 << Logging of terminal I/O resumes >> 



 << Logging of terminal I/O resumes >> 



 << Logging of terminal I/O resumes >> 



 << Logging of terminal I/O resumes >> 



 << Logging of terminal I/O resumes >> 



 << Logging of terminal I/O resumes >> 



 << Logging of terminal I/O resumes >> 



 << Logging of terminal I/O resumes >> 



 << Logging of terminal I/O resumes >> 



 << Logging of terminal I/O resumes >> 



 << Logging of terminal I/O resumes >> 



 << Logging of terminal I/O resumes >> 



 << Logging of terminal I/O resumes >> 



 << Logging of terminal I/O resumes >> 



 << Logging of terminal I/O resumes >> 



 << Logging of terminal I/O resumes >> 



 << Logging of terminal I/O resumes >> 



 << Logging of terminal I/O resumes >> 



 << Logging of terminal I/O resumes >> 



 << Logging of terminal I/O resumes >> 



 << Logging of terminal I/O resumes >> 



 << Logging of terminal I/O resumes >> 



 << Logging of terminal I/O resumes >> 



 << Logging of terminal I/O resumes >> 



 << Logging of terminal I/O resumes >> 



 << Logging of terminal I/O resumes >> 



 << Logging of terminal I/O resumes >> 



 << Logging of terminal I/O resumes >> 



 << Logging of terminal I/O resumes >> 



 << Logging of terminal I/O resumes >> 



 << Logging of terminal I/O resumes >> 



 << Logging of terminal I/O resumes >> 



 << Logging of terminal I/O resumes >> 



 << Logging of terminal I/O resumes >> 



 << Logging of terminal I/O resumes >> 



 << Logging of terminal I/O resumes >> 



 << Logging of terminal I/O resumes >> 



 << Logging of terminal I/O resumes >> 



 << Logging of terminal I/O resumes >> 



 << Logging of terminal I/O resumes >> 



 << Logging of terminal I/O resumes >> 



 << Logging of terminal I/O resumes >> 



 << Logging of terminal I/O resumes >> 



 << Logging of terminal I/O resumes >> 



 << Logging of terminal I/O resumes >> 

